Build started 2/20/2014 9:40:22 AM.
     1>Project "C:\Users\polpolion\Documents\GitHub\SpaceRace\SpaceRace_vs2013\App3\App3.vcxproj" on node 2 (Build target(s)).
     1>C:\Program Files (x86)\MSBuild\Microsoft.Cpp\v4.0\V120\Microsoft.CppBuild.targets(381,5): warning MSB8028: The intermediate directory (Debug\) contains files shared from another project (App3.vcxproj, SpaceAce.vcxproj).  This can lead to incorrect clean and rebuild behavior.
     1>ClCompile:
         C:\Program Files (x86)\Microsoft Visual Studio 12.0\VC\bin\CL.exe /c /IC:\Users\polpolion\Documents\GitHub\SpaceRace\SpaceRace_vs2013\App3\ /IDebug\ /IC:\Users\polpolion\Documents\GitHub\SpaceRace\SpaceRace_vs2013\App3\ /I"Generated Files\\" /IDebug\ /ZI /ZW /ZW:nostdlib /nologo /W3 /WX- /sdl /MP /Od /Oy- /D _DEBUG /D _UNICODE /D UNICODE /D _DEBUG /D WINAPI_FAMILY=WINAPI_FAMILY_APP /Gm- /EHsc /RTC1 /MDd /GS /fp:precise /Zc:wchar_t /Zc:forScope /Yu"pch.h" /Fp"Debug\pch.pch" /Fo"Debug\\" /Fd"Debug\vc120.pdb" /Gd /TP /wd4453 /wd28204 /FU"C:\Program Files (x86)\Microsoft SDKs\Windows\v8.1\ExtensionSDKs\Microsoft.VCLibs\12.0\References\CommonConfiguration\neutral\platform.winmd" /FU"C:\Program Files (x86)\Windows Kits\8.1\References\CommonConfiguration\Neutral\Windows.winmd" /FU"C:\Program Files (x86)\Windows Kits\8.1\References\CommonConfiguration\Neutral\Windows.winmd" /analyze- /errorReport:prompt /bigobj Controller.cpp GameplayView.cpp
         Controller.cpp
         GameplayView.cpp
     1>c:\users\polpolion\documents\github\spacerace\spacerace_vs2013\app3\game.h(29): warning C4114: same type qualifier used more than once (Controller.cpp)
       Link:
         C:\Program Files (x86)\Microsoft Visual Studio 12.0\VC\bin\link.exe /ERRORREPORT:PROMPT /OUT:"C:\Users\polpolion\Documents\GitHub\SpaceRace\SpaceRace_vs2013\Debug\App3\SpaceRace.exe" /INCREMENTAL /NOLOGO /LIBPATH:"C:\Program Files (x86)\Microsoft Visual Studio 12.0\VC\\lib\store" /LIBPATH:"C:\Program Files (x86)\Microsoft Visual Studio 12.0\VC\\lib" d2d1.lib d3d11.lib dxgi.lib ole32.lib windowscodecs.lib dwrite.lib kernel32.lib /MANIFEST:NO /DEBUG /PDB:"C:\Users\polpolion\Documents\GitHub\SpaceRace\SpaceRace_vs2013\Debug\App3\SpaceRace.pdb" /SUBSYSTEM:WINDOWS /TLBID:1 /APPCONTAINER /WINMD /WINMDFILE:"C:\Users\polpolion\Documents\GitHub\SpaceRace\SpaceRace_vs2013\Debug\App3\App3.winmd" /DYNAMICBASE /NXCOMPAT /MACHINE:X86 Debug\App.obj
         Debug\CGame.obj
         Debug\Controller.obj
         Debug\DrawableElement.obj
         Debug\Entity.obj
         Debug\Game.obj
         Debug\GameplayView.obj
         Debug\GraphicsManager.obj
         Debug\InputManager.obj
         Debug\pch.obj
         Debug\main.obj
         Debug\vec.obj
         App3.vcxproj -> C:\Users\polpolion\Documents\GitHub\SpaceRace\SpaceRace_vs2013\Debug\App3\SpaceRace.exe
     1>Done Building Project "C:\Users\polpolion\Documents\GitHub\SpaceRace\SpaceRace_vs2013\App3\App3.vcxproj" (Build target(s)).

Build succeeded.

Time Elapsed 00:00:01.51
